 
cpldfit:  version P.20131013                        Xilinx Inc.
                                  Fitter Report
Design Name: composit                            Date: 12-19-2018,  7:05PM
Device Used: XC9572-7-PC44
Fitting Status: Successful

*************************  Mapped Resource Summary  **************************

Macrocells     Product Terms    Function Block   Registers      Pins           
Used/Tot       Used/Tot         Inps Used/Tot    Used/Tot       Used/Tot       
12 /72  ( 17%) 19  /360  (  5%) 7  /144 (  5%)   4  /72  (  6%) 13 /34  ( 38%)

** Function Block Resources **

Function    Mcells      FB Inps     Signals     Pterms      IO          
Block       Used/Tot    Used/Tot    Used        Used/Tot    Used/Tot    
FB1           4/18        4/36        4           7/90       4/ 9
FB2           8/18        3/36        3          12/90       8/ 9
FB3           0/18        0/36        0           0/90       0/ 8
FB4           0/18        0/36        0           0/90       0/ 8
             -----       -----                   -----       -----     
             12/72        7/144                  19/360     12/34 

* - Resource is exhausted

** Global Control Resources **

Global clock net(s) unused.
Global output enable net(s) unused.
Global set/reset net(s) unused.

** Pin Resources **

Signal Type    Required     Mapped  |  Pin Type            Used    Total 
------------------------------------|------------------------------------
Input         :    1           1    |  I/O              :     9      28
Output        :    9           9    |  GCK/IO           :     1       3
Bidirectional :    3           3    |  GTS/IO           :     2       2
GCK           :    0           0    |  GSR/IO           :     1       1
GTS           :    0           0    |
GSR           :    0           0    |
                 ----        ----
        Total     13          13

** Power Data **

There are 12 macrocells in high performance mode (MCHP).
There are 0 macrocells in low power mode (MCLP).
End of Mapped Resource Summary
**************************  Errors and Warnings  ***************************

WARNING:Cpld - Unable to retrieve the path to the iSE Project Repository. Will
   use the default filename of 'composit.ise'.
*************************  Summary of Mapped Logic  ************************

** 12 Outputs **

Signal              Total Total Loc     Pin  Pin     Pin     Pwr  Slew Reg Init
Name                Pts   Inps          No.  Type    Use     Mode Rate State
DD                  2     4     FB1_5   2    I/O     O       STD  FAST RESET
CC                  2     3     FB1_6   3    I/O     I/O     STD  FAST RESET
BB                  2     2     FB1_8   4    I/O     I/O     STD  FAST RESET
AA                  1     1     FB1_9   5    GCK/I/O I/O     STD  FAST RESET
QQ_7                2     3     FB2_2   35   I/O     O       STD  FAST 
QQ_6                1     2     FB2_5   36   I/O     O       STD  FAST 
QQ_5                2     3     FB2_6   37   I/O     O       STD  FAST 
QQ_4                1     2     FB2_8   38   I/O     O       STD  FAST 
QQ_3                2     3     FB2_9   39   GSR/I/O O       STD  FAST 
QQ_2                1     2     FB2_11  40   GTS/I/O O       STD  FAST 
QQ_1                2     3     FB2_14  42   GTS/I/O O       STD  FAST 
QQ_0                1     2     FB2_15  43   I/O     O       STD  FAST 

** 1 Inputs **

Signal              Loc     Pin  Pin     Pin     
Name                        No.  Type    Use     
CLK_1HZ             FB1_2   1    I/O     I

Legend:
Pin No. - ~ - User Assigned
**************************  Function Block Details  ************************
Legend:
Total Pt     - Total product terms used by the macrocell signal
Imp Pt       - Product terms imported from other macrocells
Exp Pt       - Product terms exported to other macrocells
               in direction shown
Unused Pt    - Unused local product terms remaining in macrocell
Loc          - Location where logic was mapped in device
Pin Type/Use - I  - Input             GCK - Global Clock
               O  - Output            GTS - Global Output Enable
              (b) - Buried macrocell  GSR - Global Set/Reset
X(@)         - Signal used as input (wire-AND input) to the macrocell logic.
               The number of Signals Used may exceed the number of FB Inputs
               Used due to wire-ANDing in the switch matrix.
Pin No.      - ~  - User Assigned
*********************************** FB1  ***********************************
Number of function block inputs used/remaining:               4/32
Number of signals used by logic mapping into function block:  4
Signal              Total   Imp   Exp Unused  Loc     Pin   Pin     Pin
Name                Pt      Pt    Pt  Pt               #    Type    Use
(unused)              0       0     0   5     FB1_1         (b)     
(unused)              0       0     0   5     FB1_2   1     I/O     I
(unused)              0       0     0   5     FB1_3         (b)     
(unused)              0       0     0   5     FB1_4         (b)     
DD                    2       0     0   3     FB1_5   2     I/O     O
CC                    2       0     0   3     FB1_6   3     I/O     I/O
(unused)              0       0     0   5     FB1_7         (b)     
BB                    2       0     0   3     FB1_8   4     I/O     I/O
AA                    1       0     0   4     FB1_9   5     GCK/I/O I/O
(unused)              0       0     0   5     FB1_10        (b)     
(unused)              0       0     0   5     FB1_11  6     GCK/I/O 
(unused)              0       0     0   5     FB1_12        (b)     
(unused)              0       0     0   5     FB1_13        (b)     
(unused)              0       0     0   5     FB1_14  7     GCK/I/O 
(unused)              0       0     0   5     FB1_15  8     I/O     
(unused)              0       0     0   5     FB1_16        (b)     
(unused)              0       0     0   5     FB1_17  9     I/O     
(unused)              0       0     0   5     FB1_18        (b)     

Signals Used by Logic in Function Block
  1: AA_OBUF.LFBK       3: CC_OBUF.LFBK       4: CLK_1HZ 
  2: BB_OBUF.LFBK     

Signal                        1         2         3         4 Signals FB
Name                0----+----0----+----0----+----0----+----0 Used    Inputs
DD                   XXXX.................................... 4       4
CC                   XX.X.................................... 3       3
BB                   X..X.................................... 2       2
AA                   ...X.................................... 1       1
                    0----+----1----+----2----+----3----+----4
                              0         0         0         0
*********************************** FB2  ***********************************
Number of function block inputs used/remaining:               3/33
Number of signals used by logic mapping into function block:  3
Signal              Total   Imp   Exp Unused  Loc     Pin   Pin     Pin
Name                Pt      Pt    Pt  Pt               #    Type    Use
(unused)              0       0     0   5     FB2_1         (b)     
QQ_7                  2       0     0   3     FB2_2   35    I/O     O
(unused)              0       0     0   5     FB2_3         (b)     
(unused)              0       0     0   5     FB2_4         (b)     
QQ_6                  1       0     0   4     FB2_5   36    I/O     O
QQ_5                  2       0     0   3     FB2_6   37    I/O     O
(unused)              0       0     0   5     FB2_7         (b)     
QQ_4                  1       0     0   4     FB2_8   38    I/O     O
QQ_3                  2       0     0   3     FB2_9   39    GSR/I/O O
(unused)              0       0     0   5     FB2_10        (b)     
QQ_2                  1       0     0   4     FB2_11  40    GTS/I/O O
(unused)              0       0     0   5     FB2_12        (b)     
(unused)              0       0     0   5     FB2_13        (b)     
QQ_1                  2       0     0   3     FB2_14  42    GTS/I/O O
QQ_0                  1       0     0   4     FB2_15  43    I/O     O
(unused)              0       0     0   5     FB2_16        (b)     
(unused)              0       0     0   5     FB2_17  44    I/O     
(unused)              0       0     0   5     FB2_18        (b)     

Signals Used by Logic in Function Block
  1: AA.PIN             2: BB.PIN             3: CC.PIN 

Signal                        1         2         3         4 Signals FB
Name                0----+----0----+----0----+----0----+----0 Used    Inputs
QQ_7                 XXX..................................... 3       3
QQ_6                 XX...................................... 2       2
QQ_5                 XXX..................................... 3       3
QQ_4                 XX...................................... 2       2
QQ_3                 XXX..................................... 3       3
QQ_2                 XX...................................... 2       2
QQ_1                 XXX..................................... 3       3
QQ_0                 XX...................................... 2       2
                    0----+----1----+----2----+----3----+----4
                              0         0         0         0
*********************************** FB3  ***********************************
Number of function block inputs used/remaining:               0/36
Number of signals used by logic mapping into function block:  0
Signal              Total   Imp   Exp Unused  Loc     Pin   Pin     Pin
Name                Pt      Pt    Pt  Pt               #    Type    Use
(unused)              0       0     0   5     FB3_1         (b)     
(unused)              0       0     0   5     FB3_2   11    I/O     
(unused)              0       0     0   5     FB3_3         (b)     
(unused)              0       0     0   5     FB3_4         (b)     
(unused)              0       0     0   5     FB3_5   12    I/O     
(unused)              0       0     0   5     FB3_6         (b)     
(unused)              0       0     0   5     FB3_7         (b)     
(unused)              0       0     0   5     FB3_8   13    I/O     
(unused)              0       0     0   5     FB3_9   14    I/O     
(unused)              0       0     0   5     FB3_10        (b)     
(unused)              0       0     0   5     FB3_11  18    I/O     
(unused)              0       0     0   5     FB3_12        (b)     
(unused)              0       0     0   5     FB3_13        (b)     
(unused)              0       0     0   5     FB3_14  19    I/O     
(unused)              0       0     0   5     FB3_15  20    I/O     
(unused)              0       0     0   5     FB3_16        (b)     
(unused)              0       0     0   5     FB3_17  22    I/O     
(unused)              0       0     0   5     FB3_18        (b)     
*********************************** FB4  ***********************************
Number of function block inputs used/remaining:               0/36
Number of signals used by logic mapping into function block:  0
Signal              Total   Imp   Exp Unused  Loc     Pin   Pin     Pin
Name                Pt      Pt    Pt  Pt               #    Type    Use
(unused)              0       0     0   5     FB4_1         (b)     
(unused)              0       0     0   5     FB4_2   24    I/O     
(unused)              0       0     0   5     FB4_3         (b)     
(unused)              0       0     0   5     FB4_4         (b)     
(unused)              0       0     0   5     FB4_5   25    I/O     
(unused)              0       0     0   5     FB4_6         (b)     
(unused)              0       0     0   5     FB4_7         (b)     
(unused)              0       0     0   5     FB4_8   26    I/O     
(unused)              0       0     0   5     FB4_9   27    I/O     
(unused)              0       0     0   5     FB4_10        (b)     
(unused)              0       0     0   5     FB4_11  28    I/O     
(unused)              0       0     0   5     FB4_12        (b)     
(unused)              0       0     0   5     FB4_13        (b)     
(unused)              0       0     0   5     FB4_14  29    I/O     
(unused)              0       0     0   5     FB4_15  33    I/O     
(unused)              0       0     0   5     FB4_16        (b)     
(unused)              0       0     0   5     FB4_17  34    I/O     
(unused)              0       0     0   5     FB4_18        (b)     
*******************************  Equations  ********************************

********** Mapped Logic **********

FTCPE_AA: FTCPE port map (AA,'1',CLK_1HZ,'0','0');

FTCPE_BB: FTCPE port map (BB,AA_OBUF.LFBK,CLK_1HZ,'0','0');

FTCPE_CC: FTCPE port map (CC,CC_T,CLK_1HZ,'0','0');
CC_T <= (AA_OBUF.LFBK AND BB_OBUF.LFBK);

FTCPE_DD: FTCPE port map (DD,DD_T,CLK_1HZ,'0','0');
DD_T <= (AA_OBUF.LFBK AND BB_OBUF.LFBK AND CC_OBUF.LFBK);


QQ_0 <= (AA.PIN AND BB.PIN);


QQ_1 <= ((AA.PIN AND BB.PIN AND NOT CC.PIN)
	OR (AA.PIN AND NOT BB.PIN AND CC.PIN));


QQ_2 <= (AA.PIN AND NOT BB.PIN);


QQ_3 <= ((AA.PIN AND NOT BB.PIN AND NOT CC.PIN)
	OR (NOT AA.PIN AND BB.PIN AND CC.PIN));


QQ_4 <= (NOT AA.PIN AND BB.PIN);


QQ_5 <= ((NOT AA.PIN AND BB.PIN AND NOT CC.PIN)
	OR (NOT AA.PIN AND NOT BB.PIN AND CC.PIN));


QQ_6 <= (NOT AA.PIN AND NOT BB.PIN);


QQ_7 <= ((AA.PIN AND BB.PIN AND CC.PIN)
	OR (NOT AA.PIN AND NOT BB.PIN AND NOT CC.PIN));

Register Legend:
 FDCPE (Q,D,C,CLR,PRE); 
 FTCPE (Q,D,C,CLR,PRE); 
 LDCP  (Q,D,G,CLR,PRE); 

******************************  Device Pin Out *****************************

Device : XC9572-7-PC44


   --------------------------------  
  /6  5  4  3  2  1  44 43 42 41 40 \
 | 7                             39 | 
 | 8                             38 | 
 | 9                             37 | 
 | 10                            36 | 
 | 11         XC9572-7-PC44      35 | 
 | 12                            34 | 
 | 13                            33 | 
 | 14                            32 | 
 | 15                            31 | 
 | 16                            30 | 
 | 17                            29 | 
 \ 18 19 20 21 22 23 24 25 26 27 28 /
   --------------------------------  


Pin Signal                         Pin Signal                        
No. Name                           No. Name                          
  1 CLK_1HZ                          23 GND                           
  2 DD                               24 TIE                           
  3 CC                               25 TIE                           
  4 BB                               26 TIE                           
  5 AA                               27 TIE                           
  6 TIE                              28 TIE                           
  7 TIE                              29 TIE                           
  8 TIE                              30 TDO                           
  9 TIE                              31 GND                           
 10 GND                              32 VCC                           
 11 TIE                              33 TIE                           
 12 TIE                              34 TIE                           
 13 TIE                              35 QQ_7                          
 14 TIE                              36 QQ_6                          
 15 TDI                              37 QQ_5                          
 16 TMS                              38 QQ_4                          
 17 TCK                              39 QQ_3                          
 18 TIE                              40 QQ_2                          
 19 TIE                              41 VCC                           
 20 TIE                              42 QQ_1                          
 21 VCC                              43 QQ_0                          
 22 TIE                              44 TIE                           


Legend :  NC  = Not Connected, unbonded pin
         PGND = Unused I/O configured as additional Ground pin
         TIE  = Unused I/O floating -- must tie to VCC, GND or other signal
         VCC  = Dedicated Power Pin
         GND  = Dedicated Ground Pin
         TDI  = Test Data In, JTAG pin
         TDO  = Test Data Out, JTAG pin
         TCK  = Test Clock, JTAG pin
         TMS  = Test Mode Select, JTAG pin
  PROHIBITED  = User reserved pin
****************************  Compiler Options  ****************************

Following is a list of all global compiler options used by the fitter run.

Device(s) Specified                         : xc9572-7-PC44
Optimization Method                         : SPEED
Multi-Level Logic Optimization              : ON
Ignore Timing Specifications                : OFF
Default Register Power Up Value             : LOW
Keep User Location Constraints              : ON
What-You-See-Is-What-You-Get                : OFF
Exhaustive Fitting                          : OFF
Keep Unused Inputs                          : OFF
Slew Rate                                   : FAST
Power Mode                                  : STD
Ground on Unused IOs                        : OFF
Global Clock Optimization                   : ON
Global Set/Reset Optimization               : ON
Global Ouput Enable Optimization            : ON
FASTConnect/UIM optimzation                 : ON
Local Feedback                              : ON
Pin Feedback                                : ON
Input Limit                                 : 36
Pterm Limit                                 : 25
