--------------------------------------------------------------------------------
Release 14.7 Trace  (nt)
Copyright (c) 1995-2013 Xilinx, Inc.  All rights reserved.

C:\Xilinx\14.7\ISE_DS\ISE\bin\nt\unwrapped\trce.exe -intstyle ise -v 3 -s 3 -n
3 -fastpaths -xml moving_led_1.twx moving_led_1.ncd -o moving_led_1.twr
moving_led_1.pcf -ucf cccc.ucf

Design file:              moving_led_1.ncd
Physical constraint file: moving_led_1.pcf
Device,package,speed:     xc6slx9,tqg144,C,-3 (PRODUCTION 1.23 2013-10-13)
Report level:             verbose report

Environment Variable      Effect 
--------------------      ------ 
NONE                      No environment variables were set
--------------------------------------------------------------------------------

INFO:Timing:3412 - To improve timing, see the Timing Closure User Guide (UG612).
INFO:Timing:2752 - To get complete path coverage, use the unconstrained paths 
   option. All paths that are not constrained will be reported in the 
   unconstrained paths section(s) of the report.
INFO:Timing:3339 - The clock-to-out numbers in this timing report are based on 
   a 50 Ohm transmission line loading model.  For the details of this model, 
   and for more information on accounting for different loading conditions, 
   please see the device datasheet.

================================================================================
Timing constraint: TS_clk = PERIOD TIMEGRP "clk" 50 MHz HIGH 50%;
For more information, see Period Analysis in the Timing Closure User Guide (UG612).

 1189 paths analyzed, 48 endpoints analyzed, 0 failing endpoints
 0 timing errors detected. (0 setup errors, 0 hold errors, 0 component switching limit errors)
 Minimum period is   4.137ns.
--------------------------------------------------------------------------------

Paths for end point c1/COUNT_5 (SLICE_X10Y31.B1), 38 paths
--------------------------------------------------------------------------------
Slack (setup path):     15.863ns (requirement - (data path - clock path skew + uncertainty))
  Source:               c1/COUNT_9 (FF)
  Destination:          c1/COUNT_5 (FF)
  Requirement:          20.000ns
  Data Path Delay:      4.079ns (Levels of Logic = 3)
  Clock Path Skew:      -0.023ns (0.633 - 0.656)
  Source Clock:         clk_BUFGP rising at 0.000ns
  Destination Clock:    clk_BUFGP rising at 20.000ns
  Clock Uncertainty:    0.035ns

  Clock Uncertainty:          0.035ns  ((TSJ^2 + TIJ^2)^1/2 + DJ) / 2 + PE
    Total System Jitter (TSJ):  0.070ns
    Total Input Jitter (TIJ):   0.000ns
    Discrete Jitter (DJ):       0.000ns
    Phase Error (PE):           0.000ns

  Maximum Data Path at Slow Process Corner: c1/COUNT_9 to c1/COUNT_5
    Location             Delay type         Delay(ns)  Physical Resource
                                                       Logical Resource(s)
    -------------------------------------------------  -------------------
    SLICE_X11Y33.BQ      Tcko                  0.391   c1/COUNT<11>
                                                       c1/COUNT_9
    SLICE_X12Y36.B1      net (fanout=2)        1.310   c1/COUNT<9>
    SLICE_X12Y36.COUT    Topcyb                0.380   c1/Mcompar_n0000_cy<3>
                                                       c1/Mcompar_n0000_lut<1>
                                                       c1/Mcompar_n0000_cy<3>
    SLICE_X12Y37.CIN     net (fanout=1)        0.003   c1/Mcompar_n0000_cy<3>
    SLICE_X12Y37.AMUX    Tcina                 0.212   c1/COUNT<20>
                                                       c1/Mcompar_n0000_cy<4>
    SLICE_X10Y31.B1      net (fanout=24)       1.442   c1/Mcompar_n0000_cy<4>
    SLICE_X10Y31.CLK     Tas                   0.341   c1/COUNT<7>
                                                       c1/COUNT_5_rstpot
                                                       c1/COUNT_5
    -------------------------------------------------  ---------------------------
    Total                                      4.079ns (1.324ns logic, 2.755ns route)
                                                       (32.5% logic, 67.5% route)

--------------------------------------------------------------------------------
Slack (setup path):     15.931ns (requirement - (data path - clock path skew + uncertainty))
  Source:               c1/COUNT_9 (FF)
  Destination:          c1/COUNT_5 (FF)
  Requirement:          20.000ns
  Data Path Delay:      4.011ns (Levels of Logic = 3)
  Clock Path Skew:      -0.023ns (0.633 - 0.656)
  Source Clock:         clk_BUFGP rising at 0.000ns
  Destination Clock:    clk_BUFGP rising at 20.000ns
  Clock Uncertainty:    0.035ns

  Clock Uncertainty:          0.035ns  ((TSJ^2 + TIJ^2)^1/2 + DJ) / 2 + PE
    Total System Jitter (TSJ):  0.070ns
    Total Input Jitter (TIJ):   0.000ns
    Discrete Jitter (DJ):       0.000ns
    Phase Error (PE):           0.000ns

  Maximum Data Path at Slow Process Corner: c1/COUNT_9 to c1/COUNT_5
    Location             Delay type         Delay(ns)  Physical Resource
                                                       Logical Resource(s)
    -------------------------------------------------  -------------------
    SLICE_X11Y33.BQ      Tcko                  0.391   c1/COUNT<11>
                                                       c1/COUNT_9
    SLICE_X12Y36.B1      net (fanout=2)        1.310   c1/COUNT<9>
    SLICE_X12Y36.COUT    Topcyb                0.312   c1/Mcompar_n0000_cy<3>
                                                       c1/Mcompar_n0000_lutdi
                                                       c1/Mcompar_n0000_cy<3>
    SLICE_X12Y37.CIN     net (fanout=1)        0.003   c1/Mcompar_n0000_cy<3>
    SLICE_X12Y37.AMUX    Tcina                 0.212   c1/COUNT<20>
                                                       c1/Mcompar_n0000_cy<4>
    SLICE_X10Y31.B1      net (fanout=24)       1.442   c1/Mcompar_n0000_cy<4>
    SLICE_X10Y31.CLK     Tas                   0.341   c1/COUNT<7>
                                                       c1/COUNT_5_rstpot
                                                       c1/COUNT_5
    -------------------------------------------------  ---------------------------
    Total                                      4.011ns (1.256ns logic, 2.755ns route)
                                                       (31.3% logic, 68.7% route)

--------------------------------------------------------------------------------
Slack (setup path):     15.944ns (requirement - (data path - clock path skew + uncertainty))
  Source:               c1/COUNT_3 (FF)
  Destination:          c1/COUNT_5 (FF)
  Requirement:          20.000ns
  Data Path Delay:      4.033ns (Levels of Logic = 3)
  Clock Path Skew:      0.012ns (0.545 - 0.533)
  Source Clock:         clk_BUFGP rising at 0.000ns
  Destination Clock:    clk_BUFGP rising at 20.000ns
  Clock Uncertainty:    0.035ns

  Clock Uncertainty:          0.035ns  ((TSJ^2 + TIJ^2)^1/2 + DJ) / 2 + PE
    Total System Jitter (TSJ):  0.070ns
    Total Input Jitter (TIJ):   0.000ns
    Discrete Jitter (DJ):       0.000ns
    Phase Error (PE):           0.000ns

  Maximum Data Path at Slow Process Corner: c1/COUNT_3 to c1/COUNT_5
    Location             Delay type         Delay(ns)  Physical Resource
                                                       Logical Resource(s)
    -------------------------------------------------  -------------------
    SLICE_X12Y28.DQ      Tcko                  0.447   c1/COUNT<3>
                                                       c1/COUNT_3
    SLICE_X12Y36.A2      net (fanout=2)        1.209   c1/COUNT<3>
    SLICE_X12Y36.COUT    Topcya                0.379   c1/Mcompar_n0000_cy<3>
                                                       c1/Mcompar_n0000_lut<0>
                                                       c1/Mcompar_n0000_cy<3>
    SLICE_X12Y37.CIN     net (fanout=1)        0.003   c1/Mcompar_n0000_cy<3>
    SLICE_X12Y37.AMUX    Tcina                 0.212   c1/COUNT<20>
                                                       c1/Mcompar_n0000_cy<4>
    SLICE_X10Y31.B1      net (fanout=24)       1.442   c1/Mcompar_n0000_cy<4>
    SLICE_X10Y31.CLK     Tas                   0.341   c1/COUNT<7>
                                                       c1/COUNT_5_rstpot
                                                       c1/COUNT_5
    -------------------------------------------------  ---------------------------
    Total                                      4.033ns (1.379ns logic, 2.654ns route)
                                                       (34.2% logic, 65.8% route)

--------------------------------------------------------------------------------

Paths for end point c1/COUNT_1 (SLICE_X12Y28.B1), 38 paths
--------------------------------------------------------------------------------
Slack (setup path):     15.964ns (requirement - (data path - clock path skew + uncertainty))
  Source:               c1/COUNT_9 (FF)
  Destination:          c1/COUNT_1 (FF)
  Requirement:          20.000ns
  Data Path Delay:      3.947ns (Levels of Logic = 3)
  Clock Path Skew:      -0.054ns (0.602 - 0.656)
  Source Clock:         clk_BUFGP rising at 0.000ns
  Destination Clock:    clk_BUFGP rising at 20.000ns
  Clock Uncertainty:    0.035ns

  Clock Uncertainty:          0.035ns  ((TSJ^2 + TIJ^2)^1/2 + DJ) / 2 + PE
    Total System Jitter (TSJ):  0.070ns
    Total Input Jitter (TIJ):   0.000ns
    Discrete Jitter (DJ):       0.000ns
    Phase Error (PE):           0.000ns

  Maximum Data Path at Slow Process Corner: c1/COUNT_9 to c1/COUNT_1
    Location             Delay type         Delay(ns)  Physical Resource
                                                       Logical Resource(s)
    -------------------------------------------------  -------------------
    SLICE_X11Y33.BQ      Tcko                  0.391   c1/COUNT<11>
                                                       c1/COUNT_9
    SLICE_X12Y36.B1      net (fanout=2)        1.310   c1/COUNT<9>
    SLICE_X12Y36.COUT    Topcyb                0.380   c1/Mcompar_n0000_cy<3>
                                                       c1/Mcompar_n0000_lut<1>
                                                       c1/Mcompar_n0000_cy<3>
    SLICE_X12Y37.CIN     net (fanout=1)        0.003   c1/Mcompar_n0000_cy<3>
    SLICE_X12Y37.AMUX    Tcina                 0.212   c1/COUNT<20>
                                                       c1/Mcompar_n0000_cy<4>
    SLICE_X12Y28.B1      net (fanout=24)       1.362   c1/Mcompar_n0000_cy<4>
    SLICE_X12Y28.CLK     Tas                   0.289   c1/COUNT<3>
                                                       c1/COUNT_1_rstpot
                                                       c1/COUNT_1
    -------------------------------------------------  ---------------------------
    Total                                      3.947ns (1.272ns logic, 2.675ns route)
                                                       (32.2% logic, 67.8% route)

--------------------------------------------------------------------------------
Slack (setup path):     16.032ns (requirement - (data path - clock path skew + uncertainty))
  Source:               c1/COUNT_9 (FF)
  Destination:          c1/COUNT_1 (FF)
  Requirement:          20.000ns
  Data Path Delay:      3.879ns (Levels of Logic = 3)
  Clock Path Skew:      -0.054ns (0.602 - 0.656)
  Source Clock:         clk_BUFGP rising at 0.000ns
  Destination Clock:    clk_BUFGP rising at 20.000ns
  Clock Uncertainty:    0.035ns

  Clock Uncertainty:          0.035ns  ((TSJ^2 + TIJ^2)^1/2 + DJ) / 2 + PE
    Total System Jitter (TSJ):  0.070ns
    Total Input Jitter (TIJ):   0.000ns
    Discrete Jitter (DJ):       0.000ns
    Phase Error (PE):           0.000ns

  Maximum Data Path at Slow Process Corner: c1/COUNT_9 to c1/COUNT_1
    Location             Delay type         Delay(ns)  Physical Resource
                                                       Logical Resource(s)
    -------------------------------------------------  -------------------
    SLICE_X11Y33.BQ      Tcko                  0.391   c1/COUNT<11>
                                                       c1/COUNT_9
    SLICE_X12Y36.B1      net (fanout=2)        1.310   c1/COUNT<9>
    SLICE_X12Y36.COUT    Topcyb                0.312   c1/Mcompar_n0000_cy<3>
                                                       c1/Mcompar_n0000_lutdi
                                                       c1/Mcompar_n0000_cy<3>
    SLICE_X12Y37.CIN     net (fanout=1)        0.003   c1/Mcompar_n0000_cy<3>
    SLICE_X12Y37.AMUX    Tcina                 0.212   c1/COUNT<20>
                                                       c1/Mcompar_n0000_cy<4>
    SLICE_X12Y28.B1      net (fanout=24)       1.362   c1/Mcompar_n0000_cy<4>
    SLICE_X12Y28.CLK     Tas                   0.289   c1/COUNT<3>
                                                       c1/COUNT_1_rstpot
                                                       c1/COUNT_1
    -------------------------------------------------  ---------------------------
    Total                                      3.879ns (1.204ns logic, 2.675ns route)
                                                       (31.0% logic, 69.0% route)

--------------------------------------------------------------------------------
Slack (setup path):     16.064ns (requirement - (data path - clock path skew + uncertainty))
  Source:               c1/COUNT_3 (FF)
  Destination:          c1/COUNT_1 (FF)
  Requirement:          20.000ns
  Data Path Delay:      3.901ns (Levels of Logic = 3)
  Clock Path Skew:      0.000ns
  Source Clock:         clk_BUFGP rising at 0.000ns
  Destination Clock:    clk_BUFGP rising at 20.000ns
  Clock Uncertainty:    0.035ns

  Clock Uncertainty:          0.035ns  ((TSJ^2 + TIJ^2)^1/2 + DJ) / 2 + PE
    Total System Jitter (TSJ):  0.070ns
    Total Input Jitter (TIJ):   0.000ns
    Discrete Jitter (DJ):       0.000ns
    Phase Error (PE):           0.000ns

  Maximum Data Path at Slow Process Corner: c1/COUNT_3 to c1/COUNT_1
    Location             Delay type         Delay(ns)  Physical Resource
                                                       Logical Resource(s)
    -------------------------------------------------  -------------------
    SLICE_X12Y28.DQ      Tcko                  0.447   c1/COUNT<3>
                                                       c1/COUNT_3
    SLICE_X12Y36.A2      net (fanout=2)        1.209   c1/COUNT<3>
    SLICE_X12Y36.COUT    Topcya                0.379   c1/Mcompar_n0000_cy<3>
                                                       c1/Mcompar_n0000_lut<0>
                                                       c1/Mcompar_n0000_cy<3>
    SLICE_X12Y37.CIN     net (fanout=1)        0.003   c1/Mcompar_n0000_cy<3>
    SLICE_X12Y37.AMUX    Tcina                 0.212   c1/COUNT<20>
                                                       c1/Mcompar_n0000_cy<4>
    SLICE_X12Y28.B1      net (fanout=24)       1.362   c1/Mcompar_n0000_cy<4>
    SLICE_X12Y28.CLK     Tas                   0.289   c1/COUNT<3>
                                                       c1/COUNT_1_rstpot
                                                       c1/COUNT_1
    -------------------------------------------------  ---------------------------
    Total                                      3.901ns (1.327ns logic, 2.574ns route)
                                                       (34.0% logic, 66.0% route)

--------------------------------------------------------------------------------

Paths for end point c1/COUNT_4 (SLICE_X10Y31.A3), 38 paths
--------------------------------------------------------------------------------
Slack (setup path):     16.017ns (requirement - (data path - clock path skew + uncertainty))
  Source:               c1/COUNT_9 (FF)
  Destination:          c1/COUNT_4 (FF)
  Requirement:          20.000ns
  Data Path Delay:      3.925ns (Levels of Logic = 3)
  Clock Path Skew:      -0.023ns (0.633 - 0.656)
  Source Clock:         clk_BUFGP rising at 0.000ns
  Destination Clock:    clk_BUFGP rising at 20.000ns
  Clock Uncertainty:    0.035ns

  Clock Uncertainty:          0.035ns  ((TSJ^2 + TIJ^2)^1/2 + DJ) / 2 + PE
    Total System Jitter (TSJ):  0.070ns
    Total Input Jitter (TIJ):   0.000ns
    Discrete Jitter (DJ):       0.000ns
    Phase Error (PE):           0.000ns

  Maximum Data Path at Slow Process Corner: c1/COUNT_9 to c1/COUNT_4
    Location             Delay type         Delay(ns)  Physical Resource
                                                       Logical Resource(s)
    -------------------------------------------------  -------------------
    SLICE_X11Y33.BQ      Tcko                  0.391   c1/COUNT<11>
                                                       c1/COUNT_9
    SLICE_X12Y36.B1      net (fanout=2)        1.310   c1/COUNT<9>
    SLICE_X12Y36.COUT    Topcyb                0.380   c1/Mcompar_n0000_cy<3>
                                                       c1/Mcompar_n0000_lut<1>
                                                       c1/Mcompar_n0000_cy<3>
    SLICE_X12Y37.CIN     net (fanout=1)        0.003   c1/Mcompar_n0000_cy<3>
    SLICE_X12Y37.AMUX    Tcina                 0.212   c1/COUNT<20>
                                                       c1/Mcompar_n0000_cy<4>
    SLICE_X10Y31.A3      net (fanout=24)       1.288   c1/Mcompar_n0000_cy<4>
    SLICE_X10Y31.CLK     Tas                   0.341   c1/COUNT<7>
                                                       c1/COUNT_4_rstpot
                                                       c1/COUNT_4
    -------------------------------------------------  ---------------------------
    Total                                      3.925ns (1.324ns logic, 2.601ns route)
                                                       (33.7% logic, 66.3% route)

--------------------------------------------------------------------------------
Slack (setup path):     16.085ns (requirement - (data path - clock path skew + uncertainty))
  Source:               c1/COUNT_9 (FF)
  Destination:          c1/COUNT_4 (FF)
  Requirement:          20.000ns
  Data Path Delay:      3.857ns (Levels of Logic = 3)
  Clock Path Skew:      -0.023ns (0.633 - 0.656)
  Source Clock:         clk_BUFGP rising at 0.000ns
  Destination Clock:    clk_BUFGP rising at 20.000ns
  Clock Uncertainty:    0.035ns

  Clock Uncertainty:          0.035ns  ((TSJ^2 + TIJ^2)^1/2 + DJ) / 2 + PE
    Total System Jitter (TSJ):  0.070ns
    Total Input Jitter (TIJ):   0.000ns
    Discrete Jitter (DJ):       0.000ns
    Phase Error (PE):           0.000ns

  Maximum Data Path at Slow Process Corner: c1/COUNT_9 to c1/COUNT_4
    Location             Delay type         Delay(ns)  Physical Resource
                                                       Logical Resource(s)
    -------------------------------------------------  -------------------
    SLICE_X11Y33.BQ      Tcko                  0.391   c1/COUNT<11>
                                                       c1/COUNT_9
    SLICE_X12Y36.B1      net (fanout=2)        1.310   c1/COUNT<9>
    SLICE_X12Y36.COUT    Topcyb                0.312   c1/Mcompar_n0000_cy<3>
                                                       c1/Mcompar_n0000_lutdi
                                                       c1/Mcompar_n0000_cy<3>
    SLICE_X12Y37.CIN     net (fanout=1)        0.003   c1/Mcompar_n0000_cy<3>
    SLICE_X12Y37.AMUX    Tcina                 0.212   c1/COUNT<20>
                                                       c1/Mcompar_n0000_cy<4>
    SLICE_X10Y31.A3      net (fanout=24)       1.288   c1/Mcompar_n0000_cy<4>
    SLICE_X10Y31.CLK     Tas                   0.341   c1/COUNT<7>
                                                       c1/COUNT_4_rstpot
                                                       c1/COUNT_4
    -------------------------------------------------  ---------------------------
    Total                                      3.857ns (1.256ns logic, 2.601ns route)
                                                       (32.6% logic, 67.4% route)

--------------------------------------------------------------------------------
Slack (setup path):     16.098ns (requirement - (data path - clock path skew + uncertainty))
  Source:               c1/COUNT_3 (FF)
  Destination:          c1/COUNT_4 (FF)
  Requirement:          20.000ns
  Data Path Delay:      3.879ns (Levels of Logic = 3)
  Clock Path Skew:      0.012ns (0.545 - 0.533)
  Source Clock:         clk_BUFGP rising at 0.000ns
  Destination Clock:    clk_BUFGP rising at 20.000ns
  Clock Uncertainty:    0.035ns

  Clock Uncertainty:          0.035ns  ((TSJ^2 + TIJ^2)^1/2 + DJ) / 2 + PE
    Total System Jitter (TSJ):  0.070ns
    Total Input Jitter (TIJ):   0.000ns
    Discrete Jitter (DJ):       0.000ns
    Phase Error (PE):           0.000ns

  Maximum Data Path at Slow Process Corner: c1/COUNT_3 to c1/COUNT_4
    Location             Delay type         Delay(ns)  Physical Resource
                                                       Logical Resource(s)
    -------------------------------------------------  -------------------
    SLICE_X12Y28.DQ      Tcko                  0.447   c1/COUNT<3>
                                                       c1/COUNT_3
    SLICE_X12Y36.A2      net (fanout=2)        1.209   c1/COUNT<3>
    SLICE_X12Y36.COUT    Topcya                0.379   c1/Mcompar_n0000_cy<3>
                                                       c1/Mcompar_n0000_lut<0>
                                                       c1/Mcompar_n0000_cy<3>
    SLICE_X12Y37.CIN     net (fanout=1)        0.003   c1/Mcompar_n0000_cy<3>
    SLICE_X12Y37.AMUX    Tcina                 0.212   c1/COUNT<20>
                                                       c1/Mcompar_n0000_cy<4>
    SLICE_X10Y31.A3      net (fanout=24)       1.288   c1/Mcompar_n0000_cy<4>
    SLICE_X10Y31.CLK     Tas                   0.341   c1/COUNT<7>
                                                       c1/COUNT_4_rstpot
                                                       c1/COUNT_4
    -------------------------------------------------  ---------------------------
    Total                                      3.879ns (1.379ns logic, 2.500ns route)
                                                       (35.6% logic, 64.4% route)

--------------------------------------------------------------------------------

Hold Paths: TS_clk = PERIOD TIMEGRP "clk" 50 MHz HIGH 50%;
--------------------------------------------------------------------------------

Paths for end point c1/qs (SLICE_X10Y46.A6), 1 path
--------------------------------------------------------------------------------
Slack (hold path):      0.415ns (requirement - (clock path skew + uncertainty - data path))
  Source:               c1/qs (FF)
  Destination:          c1/qs (FF)
  Requirement:          0.000ns
  Data Path Delay:      0.415ns (Levels of Logic = 1)
  Clock Path Skew:      0.000ns
  Source Clock:         clk_BUFGP rising at 20.000ns
  Destination Clock:    clk_BUFGP rising at 20.000ns
  Clock Uncertainty:    0.000ns

  Minimum Data Path at Fast Process Corner: c1/qs to c1/qs
    Location             Delay type         Delay(ns)  Physical Resource
                                                       Logical Resource(s)
    -------------------------------------------------  -------------------
    SLICE_X10Y46.AQ      Tcko                  0.200   c1/qs
                                                       c1/qs
    SLICE_X10Y46.A6      net (fanout=3)        0.025   c1/qs
    SLICE_X10Y46.CLK     Tah         (-Th)    -0.190   c1/qs
                                                       c1/qs_INV_2_o1_INV_0
                                                       c1/qs
    -------------------------------------------------  ---------------------------
    Total                                      0.415ns (0.390ns logic, 0.025ns route)
                                                       (94.0% logic, 6.0% route)

--------------------------------------------------------------------------------

Paths for end point c1/COUNT_20 (SLICE_X12Y37.D5), 38 paths
--------------------------------------------------------------------------------
Slack (hold path):      0.922ns (requirement - (clock path skew + uncertainty - data path))
  Source:               c1/COUNT_21 (FF)
  Destination:          c1/COUNT_20 (FF)
  Requirement:          0.000ns
  Data Path Delay:      0.922ns (Levels of Logic = 2)
  Clock Path Skew:      0.000ns
  Source Clock:         clk_BUFGP rising at 20.000ns
  Destination Clock:    clk_BUFGP rising at 20.000ns
  Clock Uncertainty:    0.000ns

  Minimum Data Path at Fast Process Corner: c1/COUNT_21 to c1/COUNT_20
    Location             Delay type         Delay(ns)  Physical Resource
                                                       Logical Resource(s)
    -------------------------------------------------  -------------------
    SLICE_X12Y37.CQ      Tcko                  0.234   c1/COUNT<20>
                                                       c1/COUNT_21
    SLICE_X12Y37.A4      net (fanout=2)        0.111   c1/COUNT<21>
    SLICE_X12Y37.AMUX    Topaa                 0.263   c1/COUNT<20>
                                                       c1/Mcompar_n0000_lut<4>
                                                       c1/Mcompar_n0000_cy<4>
    SLICE_X12Y37.D5      net (fanout=24)       0.117   c1/Mcompar_n0000_cy<4>
    SLICE_X12Y37.CLK     Tah         (-Th)    -0.197   c1/COUNT<20>
                                                       c1/COUNT_20_rstpot
                                                       c1/COUNT_20
    -------------------------------------------------  ---------------------------
    Total                                      0.922ns (0.694ns logic, 0.228ns route)
                                                       (75.3% logic, 24.7% route)

--------------------------------------------------------------------------------
Slack (hold path):      0.926ns (requirement - (clock path skew + uncertainty - data path))
  Source:               c1/COUNT_21 (FF)
  Destination:          c1/COUNT_20 (FF)
  Requirement:          0.000ns
  Data Path Delay:      0.926ns (Levels of Logic = 2)
  Clock Path Skew:      0.000ns
  Source Clock:         clk_BUFGP rising at 20.000ns
  Destination Clock:    clk_BUFGP rising at 20.000ns
  Clock Uncertainty:    0.000ns

  Minimum Data Path at Fast Process Corner: c1/COUNT_21 to c1/COUNT_20
    Location             Delay type         Delay(ns)  Physical Resource
                                                       Logical Resource(s)
    -------------------------------------------------  -------------------
    SLICE_X12Y37.CQ      Tcko                  0.234   c1/COUNT<20>
                                                       c1/COUNT_21
    SLICE_X12Y37.A4      net (fanout=2)        0.111   c1/COUNT<21>
    SLICE_X12Y37.AMUX    Topaa                 0.267   c1/COUNT<20>
                                                       c1/Mcompar_n0000_lutdi3
                                                       c1/Mcompar_n0000_cy<4>
    SLICE_X12Y37.D5      net (fanout=24)       0.117   c1/Mcompar_n0000_cy<4>
    SLICE_X12Y37.CLK     Tah         (-Th)    -0.197   c1/COUNT<20>
                                                       c1/COUNT_20_rstpot
                                                       c1/COUNT_20
    -------------------------------------------------  ---------------------------
    Total                                      0.926ns (0.698ns logic, 0.228ns route)
                                                       (75.4% logic, 24.6% route)

--------------------------------------------------------------------------------
Slack (hold path):      1.084ns (requirement - (clock path skew + uncertainty - data path))
  Source:               c1/COUNT_16 (FF)
  Destination:          c1/COUNT_20 (FF)
  Requirement:          0.000ns
  Data Path Delay:      1.088ns (Levels of Logic = 3)
  Clock Path Skew:      0.004ns (0.036 - 0.032)
  Source Clock:         clk_BUFGP rising at 20.000ns
  Destination Clock:    clk_BUFGP rising at 20.000ns
  Clock Uncertainty:    0.000ns

  Minimum Data Path at Fast Process Corner: c1/COUNT_16 to c1/COUNT_20
    Location             Delay type         Delay(ns)  Physical Resource
                                                       Logical Resource(s)
    -------------------------------------------------  -------------------
    SLICE_X12Y38.AQ      Tcko                  0.234   c1/COUNT<19>
                                                       c1/COUNT_16
    SLICE_X12Y36.D4      net (fanout=2)        0.227   c1/COUNT<16>
    SLICE_X12Y36.COUT    Topcyd                0.187   c1/Mcompar_n0000_cy<3>
                                                       c1/Mcompar_n0000_lut<3>
                                                       c1/Mcompar_n0000_cy<3>
    SLICE_X12Y37.CIN     net (fanout=1)        0.001   c1/Mcompar_n0000_cy<3>
    SLICE_X12Y37.AMUX    Tcina                 0.125   c1/COUNT<20>
                                                       c1/Mcompar_n0000_cy<4>
    SLICE_X12Y37.D5      net (fanout=24)       0.117   c1/Mcompar_n0000_cy<4>
    SLICE_X12Y37.CLK     Tah         (-Th)    -0.197   c1/COUNT<20>
                                                       c1/COUNT_20_rstpot
                                                       c1/COUNT_20
    -------------------------------------------------  ---------------------------
    Total                                      1.088ns (0.743ns logic, 0.345ns route)
                                                       (68.3% logic, 31.7% route)

--------------------------------------------------------------------------------

Paths for end point c1/COUNT_22 (SLICE_X12Y37.B4), 38 paths
--------------------------------------------------------------------------------
Slack (hold path):      0.960ns (requirement - (clock path skew + uncertainty - data path))
  Source:               c1/COUNT_21 (FF)
  Destination:          c1/COUNT_22 (FF)
  Requirement:          0.000ns
  Data Path Delay:      0.960ns (Levels of Logic = 2)
  Clock Path Skew:      0.000ns
  Source Clock:         clk_BUFGP rising at 20.000ns
  Destination Clock:    clk_BUFGP rising at 20.000ns
  Clock Uncertainty:    0.000ns

  Minimum Data Path at Fast Process Corner: c1/COUNT_21 to c1/COUNT_22
    Location             Delay type         Delay(ns)  Physical Resource
                                                       Logical Resource(s)
    -------------------------------------------------  -------------------
    SLICE_X12Y37.CQ      Tcko                  0.234   c1/COUNT<20>
                                                       c1/COUNT_21
    SLICE_X12Y37.A4      net (fanout=2)        0.111   c1/COUNT<21>
    SLICE_X12Y37.AMUX    Topaa                 0.263   c1/COUNT<20>
                                                       c1/Mcompar_n0000_lut<4>
                                                       c1/Mcompar_n0000_cy<4>
    SLICE_X12Y37.B4      net (fanout=24)       0.155   c1/Mcompar_n0000_cy<4>
    SLICE_X12Y37.CLK     Tah         (-Th)    -0.197   c1/COUNT<20>
                                                       c1/COUNT_22_rstpot
                                                       c1/COUNT_22
    -------------------------------------------------  ---------------------------
    Total                                      0.960ns (0.694ns logic, 0.266ns route)
                                                       (72.3% logic, 27.7% route)

--------------------------------------------------------------------------------
Slack (hold path):      0.964ns (requirement - (clock path skew + uncertainty - data path))
  Source:               c1/COUNT_21 (FF)
  Destination:          c1/COUNT_22 (FF)
  Requirement:          0.000ns
  Data Path Delay:      0.964ns (Levels of Logic = 2)
  Clock Path Skew:      0.000ns
  Source Clock:         clk_BUFGP rising at 20.000ns
  Destination Clock:    clk_BUFGP rising at 20.000ns
  Clock Uncertainty:    0.000ns

  Minimum Data Path at Fast Process Corner: c1/COUNT_21 to c1/COUNT_22
    Location             Delay type         Delay(ns)  Physical Resource
                                                       Logical Resource(s)
    -------------------------------------------------  -------------------
    SLICE_X12Y37.CQ      Tcko                  0.234   c1/COUNT<20>
                                                       c1/COUNT_21
    SLICE_X12Y37.A4      net (fanout=2)        0.111   c1/COUNT<21>
    SLICE_X12Y37.AMUX    Topaa                 0.267   c1/COUNT<20>
                                                       c1/Mcompar_n0000_lutdi3
                                                       c1/Mcompar_n0000_cy<4>
    SLICE_X12Y37.B4      net (fanout=24)       0.155   c1/Mcompar_n0000_cy<4>
    SLICE_X12Y37.CLK     Tah         (-Th)    -0.197   c1/COUNT<20>
                                                       c1/COUNT_22_rstpot
                                                       c1/COUNT_22
    -------------------------------------------------  ---------------------------
    Total                                      0.964ns (0.698ns logic, 0.266ns route)
                                                       (72.4% logic, 27.6% route)

--------------------------------------------------------------------------------
Slack (hold path):      1.122ns (requirement - (clock path skew + uncertainty - data path))
  Source:               c1/COUNT_16 (FF)
  Destination:          c1/COUNT_22 (FF)
  Requirement:          0.000ns
  Data Path Delay:      1.126ns (Levels of Logic = 3)
  Clock Path Skew:      0.004ns (0.036 - 0.032)
  Source Clock:         clk_BUFGP rising at 20.000ns
  Destination Clock:    clk_BUFGP rising at 20.000ns
  Clock Uncertainty:    0.000ns

  Minimum Data Path at Fast Process Corner: c1/COUNT_16 to c1/COUNT_22
    Location             Delay type         Delay(ns)  Physical Resource
                                                       Logical Resource(s)
    -------------------------------------------------  -------------------
    SLICE_X12Y38.AQ      Tcko                  0.234   c1/COUNT<19>
                                                       c1/COUNT_16
    SLICE_X12Y36.D4      net (fanout=2)        0.227   c1/COUNT<16>
    SLICE_X12Y36.COUT    Topcyd                0.187   c1/Mcompar_n0000_cy<3>
                                                       c1/Mcompar_n0000_lut<3>
                                                       c1/Mcompar_n0000_cy<3>
    SLICE_X12Y37.CIN     net (fanout=1)        0.001   c1/Mcompar_n0000_cy<3>
    SLICE_X12Y37.AMUX    Tcina                 0.125   c1/COUNT<20>
                                                       c1/Mcompar_n0000_cy<4>
    SLICE_X12Y37.B4      net (fanout=24)       0.155   c1/Mcompar_n0000_cy<4>
    SLICE_X12Y37.CLK     Tah         (-Th)    -0.197   c1/COUNT<20>
                                                       c1/COUNT_22_rstpot
                                                       c1/COUNT_22
    -------------------------------------------------  ---------------------------
    Total                                      1.126ns (0.743ns logic, 0.383ns route)
                                                       (66.0% logic, 34.0% route)

--------------------------------------------------------------------------------

Component Switching Limit Checks: TS_clk = PERIOD TIMEGRP "clk" 50 MHz HIGH 50%;
--------------------------------------------------------------------------------
Slack: 18.270ns (period - min period limit)
  Period: 20.000ns
  Min period limit: 1.730ns (578.035MHz) (Tbcper_I)
  Physical resource: clk_BUFGP/BUFG/I0
  Logical resource: clk_BUFGP/BUFG/I0
  Location pin: BUFGMUX_X2Y11.I0
  Clock network: clk_BUFGP/IBUFG
--------------------------------------------------------------------------------
Slack: 19.570ns (period - min period limit)
  Period: 20.000ns
  Min period limit: 0.430ns (2325.581MHz) (Tcp)
  Physical resource: c1/COUNT<7>/CLK
  Logical resource: c1/COUNT_4/CK
  Location pin: SLICE_X10Y31.CLK
  Clock network: clk_BUFGP
--------------------------------------------------------------------------------
Slack: 19.570ns (period - min period limit)
  Period: 20.000ns
  Min period limit: 0.430ns (2325.581MHz) (Tcp)
  Physical resource: c1/COUNT<7>/CLK
  Logical resource: c1/COUNT_5/CK
  Location pin: SLICE_X10Y31.CLK
  Clock network: clk_BUFGP
--------------------------------------------------------------------------------


All constraints were met.


Data Sheet report:
-----------------
All values displayed in nanoseconds (ns)

Clock to Setup on destination clock clk
---------------+---------+---------+---------+---------+
               | Src:Rise| Src:Fall| Src:Rise| Src:Fall|
Source Clock   |Dest:Rise|Dest:Rise|Dest:Fall|Dest:Fall|
---------------+---------+---------+---------+---------+
clk            |    4.137|         |         |         |
---------------+---------+---------+---------+---------+


Timing summary:
---------------

Timing errors: 0  Score: 0  (Setup/Max: 0, Hold: 0)

Constraints cover 1189 paths, 0 nets, and 109 connections

Design statistics:
   Minimum period:   4.137ns{1}   (Maximum frequency: 241.721MHz)


------------------------------------Footnotes-----------------------------------
1)  The minimum period statistic assumes all single cycle delays.

Analysis completed Fri Apr 27 17:39:21 2018 
--------------------------------------------------------------------------------

Trace Settings:
-------------------------
Trace Settings 

Peak Memory Usage: 200 MB



